[INFO] Scanning for projects...
[WARNING] 
[WARNING] Some problems were encountered while building the effective model for it.essepuntato:LODE:war:1.3-SNAPSHOT
[WARNING] 'build.plugins.plugin.version' for org.mortbay.jetty:jetty-maven-plugin is missing. @ line 95, column 12
[WARNING] 
[WARNING] It is highly recommended to fix these problems because they threaten the stability of your build.
[WARNING] 
[WARNING] For this reason, future Maven versions might no longer support building such malformed projects.
[WARNING] 
[INFO]                                                                         
[INFO] ------------------------------------------------------------------------
[INFO] Building LODE 1.3-SNAPSHOT
[INFO] ------------------------------------------------------------------------
[INFO] 
[INFO] --- maven-clean-plugin:2.4.1:clean (default-clean) @ LODE ---
[INFO] Deleting /data301/www/lode.bco-dmo.org/LODE/target
[INFO] 
[INFO] >>> jetty-maven-plugin:8.1.16.v20140903:run (default-cli) @ LODE >>>
[INFO] 
[INFO] --- maven-resources-plugin:2.5:resources (default-resources) @ LODE ---
[debug] execute contextualize
[INFO] Using 'UTF-8' encoding to copy filtered resources.
[INFO] skip non existing resourceDirectory /data301/www/lode.bco-dmo.org/LODE/src/main/resources
[INFO] 
[INFO] --- maven-compiler-plugin:3.1:compile (default-compile) @ LODE ---
[INFO] Changes detected - recompiling the module!
[INFO] Compiling 4 source files to /data301/www/lode.bco-dmo.org/LODE/target/classes
[INFO] 
[INFO] --- maven-resources-plugin:2.5:testResources (default-testResources) @ LODE ---
[debug] execute contextualize
[INFO] Using 'UTF-8' encoding to copy filtered resources.
[INFO] skip non existing resourceDirectory /data301/www/lode.bco-dmo.org/LODE/src/test/resources
[INFO] 
[INFO] --- maven-compiler-plugin:3.1:testCompile (default-testCompile) @ LODE ---
[INFO] No sources to compile
[INFO] 
[INFO] <<< jetty-maven-plugin:8.1.16.v20140903:run (default-cli) @ LODE <<<
[INFO] 
[INFO] --- jetty-maven-plugin:8.1.16.v20140903:run (default-cli) @ LODE ---
[INFO] Configuring Jetty for project: LODE
[INFO] webAppSourceDirectory not set. Defaulting to /data301/www/lode.bco-dmo.org/LODE/src/main/webapp
[INFO] Reload Mechanic: automatic
[INFO] Classes = /data301/www/lode.bco-dmo.org/LODE/target/classes
[INFO] Context path = /lode
[INFO] Tmp directory = /data301/www/lode.bco-dmo.org/LODE/target/tmp
[INFO] Web defaults = org/eclipse/jetty/webapp/webdefault.xml
[INFO] Web overrides =  none
[INFO] web.xml file = file:/data301/www/lode.bco-dmo.org/LODE/src/main/webapp/WEB-INF/web.xml
[INFO] Webapp directory = /data301/www/lode.bco-dmo.org/LODE/src/main/webapp
2015-06-23 18:16:49.676:INFO:oejs.Server:jetty-8.1.16.v20140903
2015-06-23 18:16:50.678:INFO:oejpw.PlusConfiguration:No Transaction manager found - if your webapp requires one, please configure one.
2015-06-23 18:16:53.807:WARN:oejsh.RequestLogHandler:!RequestLog
2015-06-23 18:16:53.817:INFO:oejs.AbstractConnector:Started SelectChannelConnector@0.0.0.0:8080
[INFO] Started Jetty Server
[INFO] Starting scanner at interval of 10 seconds.
[INFO] Scanning for projects...
[WARNING] 
[WARNING] Some problems were encountered while building the effective model for it.essepuntato:LODE:war:1.3-SNAPSHOT
[WARNING] 'build.plugins.plugin.version' for org.mortbay.jetty:jetty-maven-plugin is missing. @ line 95, column 12
[WARNING] 
[WARNING] It is highly recommended to fix these problems because they threaten the stability of your build.
[WARNING] 
[WARNING] For this reason, future Maven versions might no longer support building such malformed projects.
[WARNING] 
[INFO]                                                                         
[INFO] ------------------------------------------------------------------------
[INFO] Building LODE 1.3-SNAPSHOT
[INFO] ------------------------------------------------------------------------
[INFO] 
[INFO] --- maven-clean-plugin:2.4.1:clean (default-clean) @ LODE ---
[INFO] Deleting /data301/www/lode.bco-dmo.org/LODE/target
[INFO] 
[INFO] >>> jetty-maven-plugin:8.1.16.v20140903:run (default-cli) @ LODE >>>
[INFO] 
[INFO] --- maven-resources-plugin:2.5:resources (default-resources) @ LODE ---
[debug] execute contextualize
[INFO] Using 'UTF-8' encoding to copy filtered resources.
[INFO] skip non existing resourceDirectory /data301/www/lode.bco-dmo.org/LODE/src/main/resources
[INFO] 
[INFO] --- maven-compiler-plugin:3.1:compile (default-compile) @ LODE ---
[INFO] Changes detected - recompiling the module!
[INFO] Compiling 4 source files to /data301/www/lode.bco-dmo.org/LODE/target/classes
[INFO] 
[INFO] --- maven-resources-plugin:2.5:testResources (default-testResources) @ LODE ---
[debug] execute contextualize
[INFO] Using 'UTF-8' encoding to copy filtered resources.
[INFO] skip non existing resourceDirectory /data301/www/lode.bco-dmo.org/LODE/src/test/resources
[INFO] 
[INFO] --- maven-compiler-plugin:3.1:testCompile (default-testCompile) @ LODE ---
[INFO] No sources to compile
[INFO] 
[INFO] <<< jetty-maven-plugin:8.1.16.v20140903:run (default-cli) @ LODE <<<
[INFO] 
[INFO] --- jetty-maven-plugin:8.1.16.v20140903:run (default-cli) @ LODE ---
[INFO] Configuring Jetty for project: LODE
[INFO] webAppSourceDirectory not set. Defaulting to /data301/www/lode.bco-dmo.org/LODE/src/main/webapp
[INFO] Reload Mechanic: automatic
[INFO] Classes = /data301/www/lode.bco-dmo.org/LODE/target/classes
[INFO] Context path = /lode
[INFO] Tmp directory = /data301/www/lode.bco-dmo.org/LODE/target/tmp
[INFO] Web defaults = org/eclipse/jetty/webapp/webdefault.xml
[INFO] Web overrides =  none
[INFO] web.xml file = file:/data301/www/lode.bco-dmo.org/LODE/src/main/webapp/WEB-INF/web.xml
[INFO] Webapp directory = /data301/www/lode.bco-dmo.org/LODE/src/main/webapp
2015-06-23 19:13:17.514:INFO:oejs.Server:jetty-8.1.16.v20140903
2015-06-23 19:13:18.368:INFO:oejpw.PlusConfiguration:No Transaction manager found - if your webapp requires one, please configure one.
2015-06-23 19:13:21.862:WARN:oejsh.RequestLogHandler:!RequestLog
2015-06-23 19:13:21.874:INFO:oejs.AbstractConnector:Started SelectChannelConnector@0.0.0.0:8080
[INFO] Started Jetty Server
[INFO] Starting scanner at interval of 10 seconds.
[INFO] restarting o.m.j.p.JettyWebAppContext{/lode,file:/data301/www/lode.bco-dmo.org/LODE/src/main/webapp/},file:/data301/www/lode.bco-dmo.org/LODE/src/main/webapp/
2015-06-23 19:50:34.783:INFO:oejsl.ELContextCleaner:javax.el.BeanELResolver purged
2015-06-23 19:50:34.784:INFO:oejsh.ContextHandler:stopped o.m.j.p.JettyWebAppContext{/lode,file:/data301/www/lode.bco-dmo.org/LODE/src/main/webapp/},file:/data301/www/lode.bco-dmo.org/LODE/src/main/webapp/
[INFO] Webapp source directory = /data301/www/lode.bco-dmo.org/LODE/src/main/webapp
[INFO] Reload Mechanic: automatic
[INFO] Classes = /data301/www/lode.bco-dmo.org/LODE/target/classes
[INFO] Context path = /lode
[INFO] Tmp directory = /data301/www/lode.bco-dmo.org/LODE/target/tmp
[INFO] Web defaults = org/eclipse/jetty/webapp/webdefault.xml
[INFO] Web overrides =  none
[INFO] web.xml file = file:/data301/www/lode.bco-dmo.org/LODE/src/main/webapp/WEB-INF/web.xml
[INFO] Webapp directory = /data301/www/lode.bco-dmo.org/LODE/src/main/webapp
[INFO] Reconfiguring scanner after change to pom.xml ...
2015-06-23 19:50:35.424:INFO:oejpw.PlusConfiguration:No Transaction manager found - if your webapp requires one, please configure one.
[INFO] Restart completed at Tue Jun 23 19:50:37 EDT 2015
[INFO] restarting o.m.j.p.JettyWebAppContext{/lode,file:/data301/www/lode.bco-dmo.org/LODE/src/main/webapp/},file:/data301/www/lode.bco-dmo.org/LODE/src/main/webapp/
2015-06-23 19:50:54.977:INFO:oejsl.ELContextCleaner:javax.el.BeanELResolver purged
2015-06-23 19:50:54.977:INFO:oejsh.ContextHandler:stopped o.m.j.p.JettyWebAppContext{/lode,file:/data301/www/lode.bco-dmo.org/LODE/src/main/webapp/},file:/data301/www/lode.bco-dmo.org/LODE/src/main/webapp/
[INFO] Webapp source directory = /data301/www/lode.bco-dmo.org/LODE/src/main/webapp
[INFO] Reload Mechanic: automatic
[INFO] Classes = /data301/www/lode.bco-dmo.org/LODE/target/classes
[INFO] Context path = /lode
[INFO] Tmp directory = /data301/www/lode.bco-dmo.org/LODE/target/tmp
[INFO] Web defaults = org/eclipse/jetty/webapp/webdefault.xml
[INFO] Web overrides =  none
[INFO] web.xml file = file:/data301/www/lode.bco-dmo.org/LODE/src/main/webapp/WEB-INF/web.xml
[INFO] Webapp directory = /data301/www/lode.bco-dmo.org/LODE/src/main/webapp
[INFO] Reconfiguring scanner after change to pom.xml ...
2015-06-23 19:50:55.553:INFO:oejpw.PlusConfiguration:No Transaction manager found - if your webapp requires one, please configure one.
[INFO] Restart completed at Tue Jun 23 19:50:57 EDT 2015
