<?xml version="1.0"?>
<rdf:RDF
    xmlns:ecglcr="http://schema.geolink.org/dev/cruise#"
    xmlns:ecglev="http://schema.geolink.org/dev/event#"
    xmlns:ecglvoc="http://schema.oceanlink.org/voc/dev/ecglvoc#"
    xmlns:sf="http://www.opengis.net/ont/sf#"
    xmlns:ecglpr="http://schema.geolink.org/dev/person#"
    xmlns:ecglvs="http://schema.geolink.org/dev/vessel#"
    xmlns:geosparql="http://www.opengis.net/ont/geosparql#"
    xmlns:ecglpg="http://schema.geolink.org/dev/program#"
    xmlns:rdf="http://www.w3.org/1999/02/22-rdf-syntax-ns#"
    xmlns:loc="http://id.loc.gov/vocabulary/"
    xmlns:foaf="http://xmlns.com/foaf/0.1/"
    xmlns:ecglpl="http://schema.geolink.org/dev/place#"
    xmlns:ecglag="http://schema.geolink.org/dev/agent#"
    xmlns:dcterms="http://purl.org/dc/terms/"
    xmlns:ecglid="http://schema.geolink.org/dev/identifier#"
    xmlns:xsd="http://www.w3.org/2001/XMLSchema#"
    xmlns:ecglview="http://schema.oceanlink.org/view/dev/ecglview#"
    xmlns:ecglfa="http://schema.geolink.org/dev/fundingaward#"
    xmlns:ecgl="http://schema.geolink.org/dev/"
    xmlns:j.0="http://www.w3.org/XML/1998/namespace"
    xmlns:geo="http://www.w3.org/2003/01/geo/wgs84_pos#"
    xmlns:skos="http://www.w3.org/2004/02/skos/core#"
    xmlns:vcard="http://www.w3.org/2001/vcard-rdf/3.0#"
    xmlns:gn="http://www.geonames.org/ontology#"
    xmlns:time="http://www.w3.org/2006/time#"
    xmlns:ecglio="http://schema.geolink.org/dev/informationobject#"
    xmlns:map="http://data2.rvdata.us/id/#"
    xmlns:ecglog="http://schema.geolink.org/dev/organization#"
    xmlns:ecglpf="http://schema.geolink.org/dev/platform#"
    xmlns:ecglar="http://schema.geolink.org/dev/agentrole#"
    xmlns:rvdata="http://data2.rvdata.us/vocab/id/class/"
    xmlns:d2r="http://sites.wiwiss.fu-berlin.de/suhl/bizer/d2r-server/config.rdf#"
    xmlns:owl="http://www.w3.org/2002/07/owl#"
    xmlns:db="http://data2.rvdata.us/id/"
    xmlns:rdfs="http://www.w3.org/2000/01/rdf-schema#">
  <ecglpg:Program rdf:about="http://data2.rvdata.us/id/program/R2K">
    <ecglpg:isDescribedBy>
      <ecglpg:InformationObject>
        <ecglio:hasDescription>Ridge 2000</ecglio:hasDescription>
        <ecglio:alsoKnownAs>Ridge 2000</ecglio:alsoKnownAs>
        <ecglio:hasPrimaryIdentifier>
          <ecglio:Identifier>
            <ecglid:hasIdentifierValue>R2K</ecglid:hasIdentifierValue>
          </ecglio:Identifier>
        </ecglio:hasPrimaryIdentifier>
        <ecglio:hasAlternativeIdentifier>
          <ecglio:Identifier/>
        </ecglio:hasAlternativeIdentifier>
        <ecglio:hasCanonicalName>Ridge 2000</ecglio:hasCanonicalName>
      </ecglpg:InformationObject>
    </ecglpg:isDescribedBy>
  </ecglpg:Program>
  <ecglpg:Program rdf:about="http://data2.rvdata.us/id/program/FOCI">
    <ecglpg:isDescribedBy>
      <ecglpg:InformationObject>
        <ecglio:hasAlternativeIdentifier>
          <ecglio:Identifier/>
        </ecglio:hasAlternativeIdentifier>
        <ecglio:hasCanonicalName>Fisheries-Oceanography Coordinated Investigations</ecglio:hasCanonicalName>
        <ecglio:alsoKnownAs>Fisheries-Oceanography Coordinated Investigations</ecglio:alsoKnownAs>
        <ecglio:hasPrimaryIdentifier>
          <ecglio:Identifier>
            <ecglid:hasIdentifierValue>FOCI</ecglid:hasIdentifierValue>
          </ecglio:Identifier>
        </ecglio:hasPrimaryIdentifier>
        <ecglio:hasDescription>Fisheries-Oceanography Coordinated Investigations</ecglio:hasDescription>
      </ecglpg:InformationObject>
    </ecglpg:isDescribedBy>
  </ecglpg:Program>
  <ecglpg:Program rdf:about="http://data2.rvdata.us/id/program/LEXEN">
    <ecglpg:isDescribedBy>
      <ecglpg:InformationObject>
        <ecglio:hasDescription>Life in Extreme Environments</ecglio:hasDescription>
        <ecglio:alsoKnownAs>Life in Extreme Environments</ecglio:alsoKnownAs>
        <ecglio:hasAlternativeIdentifier>
          <ecglio:Identifier/>
        </ecglio:hasAlternativeIdentifier>
        <ecglio:hasPrimaryIdentifier>
          <ecglio:Identifier>
            <ecglid:hasIdentifierValue>LEXEN</ecglid:hasIdentifierValue>
          </ecglio:Identifier>
        </ecglio:hasPrimaryIdentifier>
        <ecglio:hasCanonicalName>Life in Extreme Environments</ecglio:hasCanonicalName>
      </ecglpg:InformationObject>
    </ecglpg:isDescribedBy>
  </ecglpg:Program>
  <ecglpg:Program rdf:about="http://data2.rvdata.us/id/program/HOT">
    <ecglpg:isDescribedBy>
      <ecglpg:InformationObject>
        <ecglio:alsoKnownAs>Hawaii Ocean Timeseries</ecglio:alsoKnownAs>
        <ecglio:hasPrimaryIdentifier>
          <ecglio:Identifier>
            <ecglid:hasIdentifierValue>HOT</ecglid:hasIdentifierValue>
          </ecglio:Identifier>
        </ecglio:hasPrimaryIdentifier>
        <ecglio:seeAlso rdf:resource="http://www.soest.hawaii.edu/HOT_WOCE/"/>
        <ecglio:hasAlternativeIdentifier>
          <ecglio:Identifier/>
        </ecglio:hasAlternativeIdentifier>
        <ecglio:hasDescription>Hawaii Ocean Timeseries</ecglio:hasDescription>
        <ecglio:hasCanonicalName>Hawaii Ocean Timeseries</ecglio:hasCanonicalName>
      </ecglpg:InformationObject>
    </ecglpg:isDescribedBy>
  </ecglpg:Program>
  <ecglpg:Program rdf:about="http://data2.rvdata.us/id/program/BEST">
    <ecglpg:isDescribedBy>
      <ecglpg:InformationObject>
        <ecglio:hasDescription>Bering Ecosystem Study</ecglio:hasDescription>
        <ecglio:seeAlso rdf:resource="http://archive.arcus.org/bering/projects.html"/>
        <ecglio:hasCanonicalName>Bering Ecosystem Study</ecglio:hasCanonicalName>
        <ecglio:hasPrimaryIdentifier>
          <ecglio:Identifier>
            <ecglid:hasIdentifierValue>BEST</ecglid:hasIdentifierValue>
          </ecglio:Identifier>
        </ecglio:hasPrimaryIdentifier>
        <ecglio:alsoKnownAs>Bering Ecosystem Study</ecglio:alsoKnownAs>
        <ecglio:hasAlternativeIdentifier>
          <ecglio:Identifier/>
        </ecglio:hasAlternativeIdentifier>
      </ecglpg:InformationObject>
    </ecglpg:isDescribedBy>
  </ecglpg:Program>
  <ecglpg:Program rdf:about="http://data2.rvdata.us/id/program/USAP">
    <ecglpg:isDescribedBy>
      <ecglpg:InformationObject>
        <ecglio:hasPrimaryIdentifier>
          <ecglio:Identifier>
            <ecglid:hasIdentifierValue>USAP</ecglid:hasIdentifierValue>
          </ecglio:Identifier>
        </ecglio:hasPrimaryIdentifier>
        <ecglio:hasAlternativeIdentifier>
          <ecglio:Identifier/>
        </ecglio:hasAlternativeIdentifier>
        <ecglio:hasDescription>United States Antarctic Program</ecglio:hasDescription>
        <ecglio:seeAlso rdf:resource="http://www.usap.gov/"/>
        <ecglio:alsoKnownAs>United States Antarctic Program</ecglio:alsoKnownAs>
        <ecglio:hasCanonicalName>United States Antarctic Program</ecglio:hasCanonicalName>
      </ecglpg:InformationObject>
    </ecglpg:isDescribedBy>
  </ecglpg:Program>
  <ecglpg:Program rdf:about="http://data2.rvdata.us/id/program/ECOHAB">
    <ecglpg:isDescribedBy>
      <ecglpg:InformationObject>
        <ecglio:hasCanonicalName>Ecology and Oceanography of Harmful Algal Blooms</ecglio:hasCanonicalName>
        <ecglio:hasPrimaryIdentifier>
          <ecglio:Identifier>
            <ecglid:hasIdentifierValue>ECOHAB</ecglid:hasIdentifierValue>
          </ecglio:Identifier>
        </ecglio:hasPrimaryIdentifier>
        <ecglio:alsoKnownAs>Ecology and Oceanography of Harmful Algal Blooms</ecglio:alsoKnownAs>
        <ecglio:hasAlternativeIdentifier>
          <ecglio:Identifier/>
        </ecglio:hasAlternativeIdentifier>
        <ecglio:hasDescription>Ecology and Oceanography of Harmful Algal Blooms</ecglio:hasDescription>
      </ecglpg:InformationObject>
    </ecglpg:isDescribedBy>
  </ecglpg:Program>
  <ecglpg:Program rdf:about="http://data2.rvdata.us/id/program/NGOMEX">
    <ecglpg:isDescribedBy>
      <ecglpg:InformationObject>
        <ecglio:hasCanonicalName>Hypoxia in the Northern Gulf Of Mexico</ecglio:hasCanonicalName>
        <ecglio:hasAlternativeIdentifier>
          <ecglio:Identifier/>
        </ecglio:hasAlternativeIdentifier>
        <ecglio:alsoKnownAs>Hypoxia in the Northern Gulf Of Mexico</ecglio:alsoKnownAs>
        <ecglio:hasPrimaryIdentifier>
          <ecglio:Identifier>
            <ecglid:hasIdentifierValue>NGOMEX</ecglid:hasIdentifierValue>
          </ecglio:Identifier>
        </ecglio:hasPrimaryIdentifier>
        <ecglio:hasDescription>Hypoxia in the Northern Gulf Of Mexico</ecglio:hasDescription>
      </ecglpg:InformationObject>
    </ecglpg:isDescribedBy>
  </ecglpg:Program>
  <ecglpg:Program rdf:about="http://data2.rvdata.us/id/program/OOI">
    <ecglpg:isDescribedBy>
      <ecglpg:InformationObject>
        <ecglio:alsoKnownAs>Ocean Observatories Initiative</ecglio:alsoKnownAs>
        <ecglio:hasAlternativeIdentifier>
          <ecglio:Identifier/>
        </ecglio:hasAlternativeIdentifier>
        <ecglio:hasPrimaryIdentifier>
          <ecglio:Identifier>
            <ecglid:hasIdentifierValue>OOI</ecglid:hasIdentifierValue>
          </ecglio:Identifier>
        </ecglio:hasPrimaryIdentifier>
        <ecglio:hasDescription>Ocean Observatories Initiative</ecglio:hasDescription>
        <ecglio:hasCanonicalName>Ocean Observatories Initiative</ecglio:hasCanonicalName>
      </ecglpg:InformationObject>
    </ecglpg:isDescribedBy>
  </ecglpg:Program>
  <ecglpg:Program rdf:about="http://data2.rvdata.us/id/program/BATS">
    <ecglpg:isDescribedBy>
      <ecglpg:InformationObject>
        <ecglio:hasPrimaryIdentifier>
          <ecglio:Identifier>
            <ecglid:hasIdentifierValue>BATS</ecglid:hasIdentifierValue>
          </ecglio:Identifier>
        </ecglio:hasPrimaryIdentifier>
        <ecglio:hasCanonicalName>Bermuda Atlantic Time-series Study</ecglio:hasCanonicalName>
        <ecglio:hasAlternativeIdentifier>
          <ecglio:Identifier/>
        </ecglio:hasAlternativeIdentifier>
        <ecglio:hasDescription>Bermuda Atlantic Time-series Study</ecglio:hasDescription>
        <ecglio:seeAlso rdf:resource="http://bats.bios.edu/"/>
        <ecglio:alsoKnownAs>Bermuda Atlantic Time-series Study</ecglio:alsoKnownAs>
      </ecglpg:InformationObject>
    </ecglpg:isDescribedBy>
  </ecglpg:Program>
  <ecglpg:Program rdf:about="http://data2.rvdata.us/id/program/CLIVAR">
    <ecglpg:isDescribedBy>
      <ecglpg:InformationObject>
        <ecglio:seeAlso rdf:resource="http://www.usclivar.org/"/>
        <ecglio:hasCanonicalName>Climate Variability and Predictability</ecglio:hasCanonicalName>
        <ecglio:hasPrimaryIdentifier>
          <ecglio:Identifier>
            <ecglid:hasIdentifierValue>CLIVAR</ecglid:hasIdentifierValue>
          </ecglio:Identifier>
        </ecglio:hasPrimaryIdentifier>
        <ecglio:hasDescription>Climate Variability and Predictability</ecglio:hasDescription>
        <ecglio:hasAlternativeIdentifier>
          <ecglio:Identifier/>
        </ecglio:hasAlternativeIdentifier>
        <ecglio:alsoKnownAs>Climate Variability and Predictability</ecglio:alsoKnownAs>
      </ecglpg:InformationObject>
    </ecglpg:isDescribedBy>
  </ecglpg:Program>
  <ecglpg:Program rdf:about="http://data2.rvdata.us/id/program/GLOBEC">
    <ecglpg:isDescribedBy>
      <ecglpg:InformationObject>
        <ecglio:hasDescription>Global Ocean Ecosystem Dynamics</ecglio:hasDescription>
        <ecglio:alsoKnownAs>Global Ocean Ecosystem Dynamics</ecglio:alsoKnownAs>
        <ecglio:hasCanonicalName>Global Ocean Ecosystem Dynamics</ecglio:hasCanonicalName>
        <ecglio:hasPrimaryIdentifier>
          <ecglio:Identifier>
            <ecglid:hasIdentifierValue>GLOBEC</ecglid:hasIdentifierValue>
          </ecglio:Identifier>
        </ecglio:hasPrimaryIdentifier>
        <ecglio:hasAlternativeIdentifier>
          <ecglio:Identifier/>
        </ecglio:hasAlternativeIdentifier>
      </ecglpg:InformationObject>
    </ecglpg:isDescribedBy>
  </ecglpg:Program>
  <ecglpg:Program rdf:about="http://data2.rvdata.us/id/program/MARGINS">
    <ecglpg:isDescribedBy>
      <ecglpg:InformationObject>
        <ecglio:hasAlternativeIdentifier>
          <ecglio:Identifier/>
        </ecglio:hasAlternativeIdentifier>
        <ecglio:hasPrimaryIdentifier>
          <ecglio:Identifier>
            <ecglid:hasIdentifierValue>MARGINS</ecglid:hasIdentifierValue>
          </ecglio:Identifier>
        </ecglio:hasPrimaryIdentifier>
        <ecglio:hasCanonicalName>MARGINS</ecglio:hasCanonicalName>
        <ecglio:hasDescription>MARGINS</ecglio:hasDescription>
        <ecglio:alsoKnownAs>MARGINS</ecglio:alsoKnownAs>
      </ecglpg:InformationObject>
    </ecglpg:isDescribedBy>
  </ecglpg:Program>
  <ecglpg:Program rdf:about="http://data2.rvdata.us/id/program/ECS">
    <ecglpg:isDescribedBy>
      <ecglpg:InformationObject>
        <ecglio:hasPrimaryIdentifier>
          <ecglio:Identifier>
            <ecglid:hasIdentifierValue>ECS</ecglid:hasIdentifierValue>
          </ecglio:Identifier>
        </ecglio:hasPrimaryIdentifier>
        <ecglio:alsoKnownAs>Extended Continental Shelf</ecglio:alsoKnownAs>
        <ecglio:hasDescription>Extended Continental Shelf</ecglio:hasDescription>
        <ecglio:hasAlternativeIdentifier>
          <ecglio:Identifier/>
        </ecglio:hasAlternativeIdentifier>
        <ecglio:hasCanonicalName>Extended Continental Shelf</ecglio:hasCanonicalName>
      </ecglpg:InformationObject>
    </ecglpg:isDescribedBy>
  </ecglpg:Program>
  <ecglpg:Program rdf:about="http://data2.rvdata.us/id/program/DART">
    <ecglpg:isDescribedBy>
      <ecglpg:InformationObject>
        <ecglio:seeAlso rdf:resource="http://nctr.pmel.noaa.gov/Dart/"/>
        <ecglio:alsoKnownAs>Deep-ocean Assessment and Reporting of Tsunamis</ecglio:alsoKnownAs>
        <ecglio:hasAlternativeIdentifier>
          <ecglio:Identifier/>
        </ecglio:hasAlternativeIdentifier>
        <ecglio:hasDescription>Deep-ocean Assessment and Reporting of Tsunamis</ecglio:hasDescription>
        <ecglio:hasPrimaryIdentifier>
          <ecglio:Identifier>
            <ecglid:hasIdentifierValue>DART</ecglid:hasIdentifierValue>
          </ecglio:Identifier>
        </ecglio:hasPrimaryIdentifier>
        <ecglio:hasCanonicalName>Deep-ocean Assessment and Reporting of Tsunamis</ecglio:hasCanonicalName>
      </ecglpg:InformationObject>
    </ecglpg:isDescribedBy>
  </ecglpg:Program>
  <ecglpg:Program rdf:about="http://data2.rvdata.us/id/program/OFP">
    <ecglpg:isDescribedBy>
      <ecglpg:InformationObject>
        <ecglio:hasCanonicalName>Oceanic Flux Program</ecglio:hasCanonicalName>
        <ecglio:hasAlternativeIdentifier>
          <ecglio:Identifier/>
        </ecglio:hasAlternativeIdentifier>
        <ecglio:hasPrimaryIdentifier>
          <ecglio:Identifier>
            <ecglid:hasIdentifierValue>OFP</ecglid:hasIdentifierValue>
          </ecglio:Identifier>
        </ecglio:hasPrimaryIdentifier>
        <ecglio:hasDescription>Oceanic Flux Program</ecglio:hasDescription>
        <ecglio:alsoKnownAs>Oceanic Flux Program</ecglio:alsoKnownAs>
        <ecglio:seeAlso rdf:resource="http://ecosystems.mbl.edu/conte/ofp/"/>
      </ecglpg:InformationObject>
    </ecglpg:isDescribedBy>
  </ecglpg:Program>
  <ecglpg:Program rdf:about="http://data2.rvdata.us/id/program/IODP">
    <ecglpg:isDescribedBy>
      <ecglpg:InformationObject>
        <ecglio:hasCanonicalName>Integrated Ocean Drilling Program</ecglio:hasCanonicalName>
        <ecglio:seeAlso rdf:resource="http://www.iodp.org/"/>
        <ecglio:hasAlternativeIdentifier>
          <ecglio:Identifier/>
        </ecglio:hasAlternativeIdentifier>
        <ecglio:hasDescription>Integrated Ocean Drilling Program</ecglio:hasDescription>
        <ecglio:alsoKnownAs>Integrated Ocean Drilling Program</ecglio:alsoKnownAs>
        <ecglio:hasPrimaryIdentifier>
          <ecglio:Identifier>
            <ecglid:hasIdentifierValue>IODP</ecglid:hasIdentifierValue>
          </ecglio:Identifier>
        </ecglio:hasPrimaryIdentifier>
      </ecglpg:InformationObject>
    </ecglpg:isDescribedBy>
  </ecglpg:Program>
  <ecglpg:Program rdf:about="http://data2.rvdata.us/id/program/CMOP">
    <ecglpg:isDescribedBy>
      <ecglpg:InformationObject>
        <ecglio:hasAlternativeIdentifier>
          <ecglio:Identifier/>
        </ecglio:hasAlternativeIdentifier>
        <ecglio:hasDescription>Coastal Margin Observation and Prediction</ecglio:hasDescription>
        <ecglio:seeAlso rdf:resource="http://www.stccmop.org/"/>
        <ecglio:alsoKnownAs>Coastal Margin Observation and Prediction</ecglio:alsoKnownAs>
        <ecglio:hasCanonicalName>Coastal Margin Observation and Prediction</ecglio:hasCanonicalName>
        <ecglio:hasPrimaryIdentifier>
          <ecglio:Identifier>
            <ecglid:hasIdentifierValue>CMOP</ecglid:hasIdentifierValue>
          </ecglio:Identifier>
        </ecglio:hasPrimaryIdentifier>
      </ecglpg:InformationObject>
    </ecglpg:isDescribedBy>
  </ecglpg:Program>
  <ecglpg:Program rdf:about="http://data2.rvdata.us/id/program/GEOTRACES">
    <ecglpg:isDescribedBy>
      <ecglpg:InformationObject>
        <ecglio:seeAlso rdf:resource="http://www.usgeotraces.org/"/>
        <ecglio:hasCanonicalName>Marine Biogeochemical Cycles of Trace Elements and Their Isotopes</ecglio:hasCanonicalName>
        <ecglio:hasAlternativeIdentifier>
          <ecglio:Identifier/>
        </ecglio:hasAlternativeIdentifier>
        <ecglio:hasPrimaryIdentifier>
          <ecglio:Identifier>
            <ecglid:hasIdentifierValue>GEOTRACES</ecglid:hasIdentifierValue>
          </ecglio:Identifier>
        </ecglio:hasPrimaryIdentifier>
        <ecglio:alsoKnownAs>Marine Biogeochemical Cycles of Trace Elements and Their Isotopes</ecglio:alsoKnownAs>
        <ecglio:hasDescription>Marine Biogeochemical Cycles of Trace Elements and Their Isotopes</ecglio:hasDescription>
      </ecglpg:InformationObject>
    </ecglpg:isDescribedBy>
  </ecglpg:Program>
  <ecglpg:Program rdf:about="http://data2.rvdata.us/id/program/HS">
    <ecglpg:isDescribedBy>
      <ecglpg:InformationObject>
        <ecglio:hasPrimaryIdentifier>
          <ecglio:Identifier>
            <ecglid:hasIdentifierValue>HS</ecglid:hasIdentifierValue>
          </ecglio:Identifier>
        </ecglio:hasPrimaryIdentifier>
        <ecglio:hasDescription>Panulirus Hydrographic Stations (Hydrostation S)</ecglio:hasDescription>
        <ecglio:alsoKnownAs>Panulirus Hydrographic Stations (Hydrostation S)</ecglio:alsoKnownAs>
        <ecglio:hasAlternativeIdentifier>
          <ecglio:Identifier/>
        </ecglio:hasAlternativeIdentifier>
        <ecglio:hasCanonicalName>Panulirus Hydrographic Stations (Hydrostation S)</ecglio:hasCanonicalName>
      </ecglpg:InformationObject>
    </ecglpg:isDescribedBy>
  </ecglpg:Program>
  <ecglpg:Program rdf:about="http://data2.rvdata.us/id/program/BIOS">
    <ecglpg:isDescribedBy>
      <ecglpg:InformationObject>
        <ecglio:hasDescription>Bermuda Institution of Ocean Sciences (BIOS)</ecglio:hasDescription>
        <ecglio:seeAlso rdf:resource="http://www.bios.edu/"/>
        <ecglio:alsoKnownAs>Bermuda Institution of Ocean Sciences (BIOS)</ecglio:alsoKnownAs>
        <ecglio:hasAlternativeIdentifier>
          <ecglio:Identifier/>
        </ecglio:hasAlternativeIdentifier>
        <ecglio:hasCanonicalName>Bermuda Institution of Ocean Sciences (BIOS)</ecglio:hasCanonicalName>
        <ecglio:hasPrimaryIdentifier>
          <ecglio:Identifier>
            <ecglid:hasIdentifierValue>BIOS</ecglid:hasIdentifierValue>
          </ecglio:Identifier>
        </ecglio:hasPrimaryIdentifier>
      </ecglpg:InformationObject>
    </ecglpg:isDescribedBy>
  </ecglpg:Program>
  <ecglpg:Program rdf:about="http://data2.rvdata.us/id/program/SBI">
    <ecglpg:isDescribedBy>
      <ecglpg:InformationObject>
        <ecglio:hasPrimaryIdentifier>
          <ecglio:Identifier>
            <ecglid:hasIdentifierValue>SBI</ecglid:hasIdentifierValue>
          </ecglio:Identifier>
        </ecglio:hasPrimaryIdentifier>
        <ecglio:hasAlternativeIdentifier>
          <ecglio:Identifier/>
        </ecglio:hasAlternativeIdentifier>
        <ecglio:hasCanonicalName>Shelf-Basin Interactions</ecglio:hasCanonicalName>
        <ecglio:alsoKnownAs>Shelf-Basin Interactions</ecglio:alsoKnownAs>
        <ecglio:hasDescription>Shelf-Basin Interactions</ecglio:hasDescription>
      </ecglpg:InformationObject>
    </ecglpg:isDescribedBy>
  </ecglpg:Program>
</rdf:RDF>
